%
O0001
/G28U0.
/G28W0.
G00X10.Z10.
M01
 
N1G50S3600 
G00T0100M08
M41
G97S1345M03
X1.5Z0.005T0101
G96S0550 
G50S3000 
G01X-0.062F0.012 
X-0.022Z0.025
G00X1.168
Z0.105 
G01Z0.0199 
X1.36Z-0.0761
Z-1.481
X1.4 
X1.44Z-1.461 
G97S1500 
G00X10.Z10.T0100M09
M01
 
N2G50
G00T0200M08
M41
G97S1500M03
X0.Z0.055T0202 
G01Z-0.2762F0.0025 
G00Z0.055
X10.Z10.T0200M09 
M01
 
N3G50
G00T0600M08
M41
G97S1000M03
X0.Z0.105T0606 
G01Z-1.2701F.0035
G00Z0.105
X10.Z10.T0600M09 
M01
 
N4G50S3600 
G00T0500M08
M41
G97S3000M03
X.2Z0.105T0505 
G96S1300 
G50S3000 
G01G09Z0.F0.006
X1.2124
X1.35Z-0.0688
Z-1.465
X1.46M09 
G97S100
G00X10.Z10.T0500M09
M01
M05
/G28U0.W0. 
M30
 
%1300 
G50S3000 
G01G09Z0.F0.006
X1.2124
X1.35Z-0.0688
Z-1.465
X1.46M09 
G97S100
G00X10.Z10.T0500M09
M01
M05
/G28U0.W